current directory: /Users/ht/AP CSA/team9trimester2/vendor/bundle/ruby/2.7.0/gems/racc-1.6.2/ext/racc/cparse
/Users/ht/.rubies/ruby-2.7.7/bin/ruby -I /Users/ht/.rubies/ruby-2.7.7/lib/ruby/site_ruby/2.7.0 extconf.rb
checking for rb_block_call()... no
checking for rb_ary_subseq()... no
creating Makefile

current directory: /Users/ht/AP CSA/team9trimester2/vendor/bundle/ruby/2.7.0/gems/racc-1.6.2/ext/racc/cparse
make DESTDIR\= sitearchdir\=./.gem.20230130-95994-1p71z60 sitelibdir\=./.gem.20230130-95994-1p71z60 clean

current directory: /Users/ht/AP CSA/team9trimester2/vendor/bundle/ruby/2.7.0/gems/racc-1.6.2/ext/racc/cparse
make DESTDIR\= sitearchdir\=./.gem.20230130-95994-1p71z60 sitelibdir\=./.gem.20230130-95994-1p71z60
compiling cparse.c
linking shared-object racc/cparse.bundle
ld: can't link with a main executable file '/Users/ht/.rubies/ruby-2.7.7/bin/ruby' for architecture x86_64
clang: error: linker command failed with exit code 1 (use -v to see invocation)
make: *** [cparse.bundle] Error 1

make failed, exit code 2
